android/app/build/outputs/logs/manifest-merger-release-report.txt
-- Merging decision tree log ---
manifest
ADDED from src\main\AndroidManifest.xml:1:1-46:12
INJECTED from src\main\AndroidManifest.xml:1:1-46:12
INJECTED from src\main\AndroidManifest.xml:1:1-46:12
INJECTED from src\main\AndroidManifest.xml:1:1-46:12
MERGED from [:react-native-async-storage_async-storage] AndroidManifest.xml:2:1-9:12
MERGED from [:react-native-clipboard_clipboard] AndroidManifest.xml:2:1-9:12
MERGED from [:react-native-community_datetimepicker] AndroidManifest.xml:2:1-11:12
MERGED from [:react-native-firebase_messaging] AndroidManifest.xml:2:1-45:12
MERGED from [:react-native-firebase_app] AndroidManifest.xml:2:1-32:12
MERGED from [:react-native-camera-kit] AndroidManifest.xml:2:1-13:12
MERGED from [:react-native-device-info] AndroidManifest.xml:2:1-9:12
MERGED from [:react-native-fast-image] AndroidManifest.xml:2:1-9:12
MERGED from [:react-native-file-viewer] AndroidManifest.xml:2:1-21:12
MERGED from [:react-native-fs] AndroidManifest.xml:2:1-11:12
MERGED from [:react-native-geolocation-service] AndroidManifest.xml:2:1-9:12
MERGED from [:react-native-gesture-handler] AndroidManifest.xml:2:1-9:12
MERGED from [:react-native-image-picker] AndroidManifest.xml:2:1-21:12
MERGED from [:react-native-linear-gradient] AndroidManifest.xml:2:1-9:12
MERGED from [:react-native-maps] AndroidManifest.xml:2:1-9:12
MERGED from [:react-native-pager-view] AndroidManifest.xml:2:1-9:12
MERGED from [:react-native-permissions] AndroidManifest.xml:2:1-9:12
MERGED from [:react-native-restart] AndroidManifest.xml:2:1-9:12
MERGED from [:react-native-safe-area-context] AndroidManifest.xml:2:1-9:12
MERGED from [:react-native-screens] AndroidManifest.xml:2:1-9:12
MERGED from [:react-native-splash-screen] AndroidManifest.xml:2:1-9:12
MERGED from [:react-native-svg] AndroidManifest.xml:2:1-9:12
MERGED from [:react-native-system-navigation-bar] AndroidManifest.xml:2:1-9:12
MERGED from [:react-native-vector-icons] AndroidManifest.xml:2:1-9:12
MERGED from [:react-native-video] AndroidManifest.xml:2:1-9:12
MERGED from [:react-native-webview] AndroidManifest.xml:2:1-21:12
MERGED from [com.facebook.react:react-native:0.70.6] AndroidManifest.xml:2:1-11:12
MERGED from [androidx.swiperefreshlayout:swiperefreshlayout:1.0.0] AndroidManifest.xml:17:1-22:12
MERGED from [com.facebook.react:hermes-engine:0.70.6] AndroidManifest.xml:2:1-9:12
MERGED from [:react-native-reanimated] AndroidManifest.xml:2:1-9:12
MERGED from [androidx.camera:camera-view:1.1.0] AndroidManifest.xml:17:1-24:12
MERGED from [com.google.android.material:material:1.1.0] AndroidManifest.xml:17:1-24:12
MERGED from [com.github.adityaxjha:Android-ScalableVideoView:10e7b4da8b] AndroidManifest.xml:2:1-9:12
MERGED from [androidx.appcompat:appcompat:1.4.1] AndroidManifest.xml:17:1-24:12
MERGED from [androidx.appcompat:appcompat-resources:1.4.1] AndroidManifest.xml:17:1-24:12
MERGED from [androidx.autofill:autofill:1.1.0] AndroidManifest.xml:17:1-24:12
MERGED from [com.facebook.fresco:fresco:2.5.0] AndroidManifest.xml:2:1-9:12
MERGED from [com.facebook.fresco:imagepipeline-okhttp3:2.5.0] AndroidManifest.xml:2:1-9:12
MERGED from [com.facebook.fresco:drawee:2.5.0] AndroidManifest.xml:2:1-9:12
MERGED from [com.facebook.fresco:middleware:2.5.0] AndroidManifest.xml:2:1-9:12
MERGED from [com.facebook.fresco:ui-common:2.5.0] AndroidManifest.xml:2:1-9:12
MERGED from [com.facebook.fresco:nativeimagefilters:2.5.0] AndroidManifest.xml:2:1-9:12
MERGED from [com.facebook.fresco:memory-type-native:2.5.0] AndroidManifest.xml:2:1-9:12
MERGED from [com.facebook.fresco:memory-type-java:2.5.0] AndroidManifest.xml:2:1-9:12
MERGED from [com.facebook.fresco:imagepipeline-native:2.5.0] AndroidManifest.xml:2:1-9:12
MERGED from [com.facebook.fresco:memory-type-ashmem:2.5.0] AndroidManifest.xml:2:1-9:12
MERGED from [com.facebook.fresco:imagepipeline:2.5.0] AndroidManifest.xml:2:1-9:12
MERGED from [com.facebook.fresco:nativeimagetranscoder:2.5.0] AndroidManifest.xml:2:1-9:12
MERGED from [com.facebook.fresco:imagepipeline-base:2.5.0] AndroidManifest.xml:2:1-9:12
MERGED from [com.facebook.fresco:soloader:2.5.0] AndroidManifest.xml:2:1-9:12
MERGED from [com.facebook.soloader:soloader:0.10.4] AndroidManifest.xml:2:1-13:12
MERGED from [com.github.bumptech.glide:okhttp3-integration:4.12.0] AndroidManifest.xml:2:1-16:12
MERGED from [com.google.firebase:firebase-messaging:23.0.8] AndroidManifest.xml:17:1-62:12
MERGED from [com.google.mlkit:barcode-scanning:17.0.2] AndroidManifest.xml:2:1-7:12
MERGED from [com.google.android.gms:play-services-mlkit-barcode-scanning:18.0.0] AndroidManifest.xml:2:1-18:12
MERGED from [com.google.mlkit:barcode-scanning-common:17.0.0] AndroidManifest.xml:2:1-7:12
MERGED from [com.google.mlkit:vision-common:17.0.0] AndroidManifest.xml:2:1-18:12
MERGED from [com.google.mlkit:common:18.0.0] AndroidManifest.xml:2:1-26:12
MERGED from [com.google.firebase:firebase-datatransport:18.1.6] AndroidManifest.xml:15:1-34:12
MERGED from [com.google.android.datatransport:transport-backend-cct:3.1.7] AndroidManifest.xml:15:1-38:12
MERGED from [com.google.android.datatransport:transport-runtime:3.1.7] AndroidManifest.xml:15:1-41:12
MERGED from [com.github.bumptech.glide:glide:4.12.0] AndroidManifest.xml:2:1-12:12
MERGED from [androidx.vectordrawable:vectordrawable-animated:1.1.0] AndroidManifest.xml:17:1-24:12
MERGED from [androidx.interpolator:interpolator:1.0.0] AndroidManifest.xml:17:1-22:12
MERGED from [androidx.camera:camera-camera2:1.1.0] AndroidManifest.xml:17:1-38:12
MERGED from [androidx.camera:camera-lifecycle:1.1.0] AndroidManifest.xml:17:1-24:12
MERGED from [androidx.camera:camera-core:1.1.0] AndroidManifest.xml:17:1-38:12
MERGED from [androidx.core:core-ktx:1.6.0] AndroidManifest.xml:2:1-9:12
MERGED from [androidx.exifinterface:exifinterface:1.3.3] AndroidManifest.xml:17:1-24:12
MERGED from [androidx.viewpager2:viewpager2:1.0.0] AndroidManifest.xml:17:1-24:12
MERGED from [androidx.coordinatorlayout:coordinatorlayout:1.1.0] AndroidManifest.xml:17:1-24:12
MERGED from [androidx.webkit:webkit:1.4.0] AndroidManifest.xml:17:1-24:12
MERGED from [androidx.vectordrawable:vectordrawable:1.1.0] AndroidManifest.xml:17:1-24:12
MERGED from [com.google.android.gms:play-services-iid:17.0.0] AndroidManifest.xml:17:1-28:12
MERGED from [com.google.android.gms:play-services-auth:20.3.0] AndroidManifest.xml:17:1-40:12
MERGED from [com.google.android.gms:play-services-location:20.0.0] AndroidManifest.xml:2:1-9:12
MERGED from [com.google.android.gms:play-services-maps:18.0.2] AndroidManifest.xml:17:1-44:12
MERGED from [com.google.android.gms:play-services-auth-api-phone:18.0.1] AndroidManifest.xml:2:1-7:12
MERGED from [com.google.android.gms:play-services-auth-base:18.0.4] AndroidManifest.xml:2:1-7:12
MERGED from [com.google.android.gms:play-services-base:18.1.0] AndroidManifest.xml:16:1-24:12
MERGED from [androidx.work:work-runtime:2.7.1] AndroidManifest.xml:17:1-145:12
MERGED from [com.google.firebase:firebase-installations:17.0.3] AndroidManifest.xml:2:1-24:12
MERGED from [com.google.firebase:firebase-common:20.1.2] AndroidManifest.xml:15:1-40:12
MERGED from [com.google.android.gms:play-services-cloud-messaging:17.0.1] AndroidManifest.xml:2:1-13:12
MERGED from [com.google.firebase:firebase-iid-interop:17.1.0] AndroidManifest.xml:2:1-10:12
MERGED from [com.google.firebase:firebase-installations-interop:17.0.2] AndroidManifest.xml:15:1-23:12
MERGED from [com.google.mlkit:vision-interfaces:16.0.0] AndroidManifest.xml:2:1-7:12
MERGED from [com.google.android.gms:play-services-tasks:18.0.2] AndroidManifest.xml:2:1-6:12
MERGED from [com.google.android.gms:play-services-stats:17.0.2] AndroidManifest.xml:2:1-9:12
MERGED from [com.google.firebase:firebase-measurement-connector:19.0.0] AndroidManifest.xml:17:1-25:12
MERGED from [com.google.android.gms:play-services-basement:18.1.0] AndroidManifest.xml:16:1-26:12
MERGED from [androidx.fragment:fragment:1.3.6] AndroidManifest.xml:17:1-24:12
MERGED from [androidx.activity:activity:1.2.4] AndroidManifest.xml:17:1-24:12
MERGED from [androidx.drawerlayout:drawerlayout:1.0.0] AndroidManifest.xml:17:1-22:12
MERGED from [androidx.emoji2:emoji2-views-helper:1.0.0] AndroidManifest.xml:17:1-24:12
MERGED from [androidx.emoji2:emoji2:1.0.0] AndroidManifest.xml:17:1-37:12
MERGED from [androidx.legacy:legacy-support-core-utils:1.0.0] AndroidManifest.xml:17:1-22:12
MERGED from [androidx.loader:loader:1.0.0] AndroidManifest.xml:17:1-22:12
MERGED from [androidx.recyclerview:recyclerview:1.1.0] AndroidManifest.xml:17:1-24:12
MERGED from [androidx.viewpager:viewpager:1.0.0] AndroidManifest.xml:17:1-22:12
MERGED from [androidx.customview:customview:1.0.0] AndroidManifest.xml:17:1-22:12
MERGED from [androidx.transition:transition:1.2.0] AndroidManifest.xml:17:1-24:12
MERGED from [androidx.core:core:1.7.0] AndroidManifest.xml:17:1-26:12
MERGED from [androidx.cursoradapter:cursoradapter:1.0.0] AndroidManifest.xml:17:1-22:12
MERGED from [androidx.lifecycle:lifecycle-viewmodel-savedstate:2.3.1] AndroidManifest.xml:17:1-24:12
MERGED from [androidx.savedstate:savedstate:1.1.0] AndroidManifest.xml:17:1-24:12
MERGED from [androidx.lifecycle:lifecycle-viewmodel:2.3.1] AndroidManifest.xml:17:1-24:12
MERGED from [com.github.bumptech.glide:gifdecoder:4.12.0] AndroidManifest.xml:2:1-11:12
MERGED from [androidx.lifecycle:lifecycle-process:2.4.0] AndroidManifest.xml:17:1-37:12
MERGED from [androidx.startup:startup-runtime:1.0.0] AndroidManifest.xml:17:1-33:12
MERGED from [androidx.room:room-runtime:2.2.5] AndroidManifest.xml:17:1-31:12
MERGED from [androidx.sqlite:sqlite-framework:2.1.0] AndroidManifest.xml:17:1-24:12
MERGED from [androidx.sqlite:sqlite:2.1.0] AndroidManifest.xml:17:1-24:12
MERGED from [androidx.versionedparcelable:versionedparcelable:1.1.1] AndroidManifest.xml:17:1-27:12
MERGED from [androidx.cardview:cardview:1.0.0] AndroidManifest.xml:17:1-22:12
MERGED from [androidx.tracing:tracing:1.0.0] AndroidManifest.xml:17:1-24:12
MERGED from [androidx.lifecycle:lifecycle-livedata:2.1.0] AndroidManifest.xml:17:1-22:12
MERGED from [androidx.lifecycle:lifecycle-livedata-core:2.3.1] AndroidManifest.xml:17:1-24:12
MERGED from [androidx.lifecycle:lifecycle-service:2.1.0] AndroidManifest.xml:17:1-22:12
MERGED from [androidx.lifecycle:lifecycle-runtime:2.4.0] AndroidManifest.xml:17:1-24:12
MERGED from [androidx.arch.core:core-runtime:2.1.0] AndroidManifest.xml:17:1-24:12
MERGED from [com.google.android.datatransport:transport-api:3.0.0] AndroidManifest.xml:15:1-22:12
MERGED from [com.google.firebase:firebase-components:17.0.1] AndroidManifest.xml:15:1-23:12
MERGED from [com.google.firebase:firebase-encoders-json:18.0.0] AndroidManifest.xml:15:1-23:12
MERGED from [androidx.documentfile:documentfile:1.0.0] AndroidManifest.xml:17:1-22:12
MERGED from [androidx.localbroadcastmanager:localbroadcastmanager:1.0.0] AndroidManifest.xml:17:1-22:12
MERGED from [androidx.print:print:1.0.0] AndroidManifest.xml:17:1-22:12
MERGED from [com.android.installreferrer:installreferrer:1.1.2] AndroidManifest.xml:2:1-13:12
MERGED from [com.google.maps.android:android-maps-utils:0.5] AndroidManifest.xml:2:1-13:12
MERGED from [com.facebook.fresco:fbcore:2.5.0] AndroidManifest.xml:2:1-9:12
MERGED from [androidx.annotation:annotation-experimental:1.1.0] AndroidManifest.xml:17:1-24:12
MERGED from [com.google.android.odml:image:1.0.0-beta1] AndroidManifest.xml:2:1-9:12
INJECTED from src\main\AndroidManifest.xml:1:1-46:12
INJECTED from src\main\AndroidManifest.xml:1:1-46:12
INJECTED from src\main\AndroidManifest.xml:1:1-46:12
	package
		ADDED from src\main\AndroidManifest.xml:2:11-31
		INJECTED from src\main\AndroidManifest.xml
		INJECTED from src\main\AndroidManifest.xml
	android:versionName
		INJECTED from src\main\AndroidManifest.xml
		ADDED from src\main\AndroidManifest.xml:1:1-46:12
		INJECTED from src\main\AndroidManifest.xml
	android:versionCode
		INJECTED from src\main\AndroidManifest.xml
		ADDED from src\main\AndroidManifest.xml:1:1-46:12
		INJECTED from src\main\AndroidManifest.xml
	xmlns:android
		ADDED from src\main\AndroidManifest.xml:1:11-69
uses-permission#android.permission.INTERNET
ADDED from src\main\AndroidManifest.xml:4:5-66
MERGED from [:react-native-firebase_messaging] AndroidManifest.xml:9:5-67
MERGED from [:react-native-firebase_messaging] AndroidManifest.xml:9:5-67
MERGED from [com.google.android.datatransport:transport-backend-cct:3.1.7] AndroidManifest.xml:26:5-67
MERGED from [com.google.android.datatransport:transport-backend-cct:3.1.7] AndroidManifest.xml:26:5-67
MERGED from [com.google.android.gms:play-services-iid:17.0.0] AndroidManifest.xml:24:5-67
MERGED from [com.google.android.gms:play-services-iid:17.0.0] AndroidManifest.xml:24:5-67
MERGED from [com.google.android.gms:play-services-maps:18.0.2] AndroidManifest.xml:24:5-67
MERGED from [com.google.android.gms:play-services-maps:18.0.2] AndroidManifest.xml:24:5-67
MERGED from [com.google.firebase:firebase-installations:17.0.3] AndroidManifest.xml:11:5-67
MERGED from [com.google.firebase:firebase-installations:17.0.3] AndroidManifest.xml:11:5-67
MERGED from [com.google.android.gms:play-services-cloud-messaging:17.0.1] AndroidManifest.xml:8:5-67
MERGED from [com.google.android.gms:play-services-cloud-messaging:17.0.1] AndroidManifest.xml:8:5-67
	android:name
		ADDED from src\main\AndroidManifest.xml:4:22-64
uses-permission#android.permission.CAMERA
ADDED from src\main\AndroidManifest.xml:5:5-64
MERGED from [:react-native-camera-kit] AndroidManifest.xml:9:5-65
MERGED from [:react-native-camera-kit] AndroidManifest.xml:9:5-65
	android:name
		ADDED from src\main\AndroidManifest.xml:5:22-62
uses-permission#android.permission.ACCESS_COARSE_LOCATION
ADDED from src\main\AndroidManifest.xml:6:5-81
	android:name
		ADDED from src\main\AndroidManifest.xml:6:22-78
uses-permission#android.permission.ACCESS_FINE_LOCATION
ADDED from src\main\AndroidManifest.xml:7:5-79
	android:name
		ADDED from src\main\AndroidManifest.xml:7:22-76
uses-permission#android.permission.POST_NOTIFICATIONS
ADDED from src\main\AndroidManifest.xml:8:5-77
MERGED from [com.google.firebase:firebase-messaging:23.0.8] AndroidManifest.xml:26:5-77
MERGED from [com.google.firebase:firebase-messaging:23.0.8] AndroidManifest.xml:26:5-77
	android:name
		ADDED from src\main\AndroidManifest.xml:8:22-74
application
ADDED from src\main\AndroidManifest.xml:10:5-39:19
MERGED from [:react-native-community_datetimepicker] AndroidManifest.xml:9:5-20
MERGED from [:react-native-community_datetimepicker] AndroidManifest.xml:9:5-20
MERGED from [:react-native-firebase_messaging] AndroidManifest.xml:13:5-43:19
MERGED from [:react-native-firebase_messaging] AndroidManifest.xml:13:5-43:19
MERGED from [:react-native-firebase_app] AndroidManifest.xml:10:5-30:19
MERGED from [:react-native-firebase_app] AndroidManifest.xml:10:5-30:19
MERGED from [:react-native-file-viewer] AndroidManifest.xml:9:5-19:19
MERGED from [:react-native-file-viewer] AndroidManifest.xml:9:5-19:19
MERGED from [:react-native-image-picker] AndroidManifest.xml:9:5-19:19
MERGED from [:react-native-image-picker] AndroidManifest.xml:9:5-19:19
MERGED from [:react-native-webview] AndroidManifest.xml:9:5-19:19
MERGED from [:react-native-webview] AndroidManifest.xml:9:5-19:19
MERGED from [com.facebook.react:react-native:0.70.6] AndroidManifest.xml:9:5-20
MERGED from [com.facebook.react:react-native:0.70.6] AndroidManifest.xml:9:5-20
MERGED from [com.google.android.material:material:1.1.0] AndroidManifest.xml:22:5-20
MERGED from [com.google.android.material:material:1.1.0] AndroidManifest.xml:22:5-20
MERGED from [com.facebook.soloader:soloader:0.10.4] AndroidManifest.xml:11:5-20
MERGED from [com.facebook.soloader:soloader:0.10.4] AndroidManifest.xml:11:5-20
MERGED from [com.github.bumptech.glide:okhttp3-integration:4.12.0] AndroidManifest.xml:10:5-14:19
MERGED from [com.github.bumptech.glide:okhttp3-integration:4.12.0] AndroidManifest.xml:10:5-14:19
MERGED from [com.google.firebase:firebase-messaging:23.0.8] AndroidManifest.xml:31:5-60:19
MERGED from [com.google.firebase:firebase-messaging:23.0.8] AndroidManifest.xml:31:5-60:19
MERGED from [com.google.android.gms:play-services-mlkit-barcode-scanning:18.0.0] AndroidManifest.xml:8:5-16:19
MERGED from [com.google.android.gms:play-services-mlkit-barcode-scanning:18.0.0] AndroidManifest.xml:8:5-16:19
MERGED from [com.google.mlkit:vision-common:17.0.0] AndroidManifest.xml:8:5-16:19
MERGED from [com.google.mlkit:vision-common:17.0.0] AndroidManifest.xml:8:5-16:19
MERGED from [com.google.mlkit:common:18.0.0] AndroidManifest.xml:8:5-24:19
MERGED from [com.google.mlkit:common:18.0.0] AndroidManifest.xml:8:5-24:19
MERGED from [com.google.firebase:firebase-datatransport:18.1.6] AndroidManifest.xml:24:5-32:19
MERGED from [com.google.firebase:firebase-datatransport:18.1.6] AndroidManifest.xml:24:5-32:19
MERGED from [com.google.android.datatransport:transport-backend-cct:3.1.7] AndroidManifest.xml:28:5-36:19
MERGED from [com.google.android.datatransport:transport-backend-cct:3.1.7] AndroidManifest.xml:28:5-36:19
MERGED from [com.google.android.datatransport:transport-runtime:3.1.7] AndroidManifest.xml:25:5-39:19
MERGED from [com.google.android.datatransport:transport-runtime:3.1.7] AndroidManifest.xml:25:5-39:19
MERGED from [com.github.bumptech.glide:glide:4.12.0] AndroidManifest.xml:10:5-20
MERGED from [com.github.bumptech.glide:glide:4.12.0] AndroidManifest.xml:10:5-20
MERGED from [androidx.camera:camera-camera2:1.1.0] AndroidManifest.xml:25:5-36:19
MERGED from [androidx.camera:camera-camera2:1.1.0] AndroidManifest.xml:25:5-36:19
MERGED from [androidx.camera:camera-core:1.1.0] AndroidManifest.xml:25:5-36:19
MERGED from [androidx.camera:camera-core:1.1.0] AndroidManifest.xml:25:5-36:19
MERGED from [com.google.android.gms:play-services-iid:17.0.0] AndroidManifest.xml:26:5-20
MERGED from [com.google.android.gms:play-services-iid:17.0.0] AndroidManifest.xml:26:5-20
MERGED from [com.google.android.gms:play-services-auth:20.3.0] AndroidManifest.xml:22:5-38:19
MERGED from [com.google.android.gms:play-services-auth:20.3.0] AndroidManifest.xml:22:5-38:19
MERGED from [com.google.android.gms:play-services-location:20.0.0] AndroidManifest.xml:7:5-20
MERGED from [com.google.android.gms:play-services-location:20.0.0] AndroidManifest.xml:7:5-20
MERGED from [com.google.android.gms:play-services-maps:18.0.2] AndroidManifest.xml:36:5-42:19
MERGED from [com.google.android.gms:play-services-maps:18.0.2] AndroidManifest.xml:36:5-42:19
MERGED from [com.google.android.gms:play-services-base:18.1.0] AndroidManifest.xml:19:5-23:19
MERGED from [com.google.android.gms:play-services-base:18.1.0] AndroidManifest.xml:19:5-23:19
MERGED from [androidx.work:work-runtime:2.7.1] AndroidManifest.xml:30:5-143:19
MERGED from [androidx.work:work-runtime:2.7.1] AndroidManifest.xml:30:5-143:19
MERGED from [com.google.firebase:firebase-installations:17.0.3] AndroidManifest.xml:14:5-22:19
MERGED from [com.google.firebase:firebase-installations:17.0.3] AndroidManifest.xml:14:5-22:19
MERGED from [com.google.firebase:firebase-common:20.1.2] AndroidManifest.xml:25:5-38:19
MERGED from [com.google.firebase:firebase-common:20.1.2] AndroidManifest.xml:25:5-38:19
MERGED from [com.google.firebase:firebase-iid-interop:17.1.0] AndroidManifest.xml:7:5-8:19
MERGED from [com.google.firebase:firebase-iid-interop:17.1.0] AndroidManifest.xml:7:5-8:19
MERGED from [com.google.android.gms:play-services-tasks:18.0.2] AndroidManifest.xml:5:5-20
MERGED from [com.google.android.gms:play-services-tasks:18.0.2] AndroidManifest.xml:5:5-20
MERGED from [com.google.android.gms:play-services-stats:17.0.2] AndroidManifest.xml:7:5-20
MERGED from [com.google.android.gms:play-services-stats:17.0.2] AndroidManifest.xml:7:5-20
MERGED from [com.google.firebase:firebase-measurement-connector:19.0.0] AndroidManifest.xml:22:5-23:19
MERGED from [com.google.firebase:firebase-measurement-connector:19.0.0] AndroidManifest.xml:22:5-23:19
MERGED from [com.google.android.gms:play-services-basement:18.1.0] AndroidManifest.xml:20:5-24:19
MERGED from [com.google.android.gms:play-services-basement:18.1.0] AndroidManifest.xml:20:5-24:19
MERGED from [androidx.emoji2:emoji2:1.0.0] AndroidManifest.xml:25:5-35:19
MERGED from [androidx.emoji2:emoji2:1.0.0] AndroidManifest.xml:25:5-35:19
MERGED from [androidx.core:core:1.7.0] AndroidManifest.xml:24:5-89
MERGED from [androidx.core:core:1.7.0] AndroidManifest.xml:24:5-89
MERGED from [com.github.bumptech.glide:gifdecoder:4.12.0] AndroidManifest.xml:9:5-20
MERGED from [com.github.bumptech.glide:gifdecoder:4.12.0] AndroidManifest.xml:9:5-20
MERGED from [androidx.lifecycle:lifecycle-process:2.4.0] AndroidManifest.xml:25:5-35:19
MERGED from [androidx.lifecycle:lifecycle-process:2.4.0] AndroidManifest.xml:25:5-35:19
MERGED from [androidx.startup:startup-runtime:1.0.0] AndroidManifest.xml:25:5-31:19
MERGED from [androidx.startup:startup-runtime:1.0.0] AndroidManifest.xml:25:5-31:19
MERGED from [androidx.room:room-runtime:2.2.5] AndroidManifest.xml:24:5-29:19
MERGED from [androidx.room:room-runtime:2.2.5] AndroidManifest.xml:24:5-29:19
MERGED from [androidx.versionedparcelable:versionedparcelable:1.1.1] AndroidManifest.xml:24:5-25:19
MERGED from [androidx.versionedparcelable:versionedparcelable:1.1.1] AndroidManifest.xml:24:5-25:19
MERGED from [com.android.installreferrer:installreferrer:1.1.2] AndroidManifest.xml:11:5-20
MERGED from [com.android.installreferrer:installreferrer:1.1.2] AndroidManifest.xml:11:5-20
MERGED from [com.google.maps.android:android-maps-utils:0.5] AndroidManifest.xml:7:5-11:19
MERGED from [com.google.maps.android:android-maps-utils:0.5] AndroidManifest.xml:7:5-11:19
MERGED from [com.google.android.odml:image:1.0.0-beta1] AndroidManifest.xml:7:5-20
MERGED from [com.google.android.odml:image:1.0.0-beta1] AndroidManifest.xml:7:5-20
	android:appComponentFactory
		ADDED from [androidx.core:core:1.7.0] AndroidManifest.xml:24:18-86
	android:label
		ADDED from src\main\AndroidManifest.xml:12:13-45
	android:roundIcon
		ADDED from src\main\AndroidManifest.xml:14:13-58
	android:icon
		ADDED from src\main\AndroidManifest.xml:13:13-47
	android:theme
		ADDED from src\main\AndroidManifest.xml:15:13-44
	android:name
		ADDED from src\main\AndroidManifest.xml:11:13-44
meta-data#com.google.android.geo.API_KEY
ADDED from src\main\AndroidManifest.xml:16:9-18:74
	android:value
		ADDED from src\main\AndroidManifest.xml:18:17-72
	android:name
		ADDED from src\main\AndroidManifest.xml:17:17-62
meta-data#com.google.firebase.messaging.default_notification_icon
ADDED from src\main\AndroidManifest.xml:19:9-21:55
	android:resource
		ADDED from src\main\AndroidManifest.xml:21:17-53
	android:name
		ADDED from src\main\AndroidManifest.xml:20:17-87
activity#com.runner.MainActivity
ADDED from src\main\AndroidManifest.xml:22:9-38:20
	android:launchMode
		ADDED from src\main\AndroidManifest.xml:25:17-48
	android:windowSoftInputMode
		ADDED from src\main\AndroidManifest.xml:26:17-59
	android:exported
		ADDED from src\main\AndroidManifest.xml:27:17-40
	android:configChanges
		ADDED from src\main\AndroidManifest.xml:24:17-126
	android:name
		ADDED from src\main\AndroidManifest.xml:23:17-45
intent-filter#action:name:android.intent.action.MAIN+category:name:android.intent.category.LAUNCHER
ADDED from src\main\AndroidManifest.xml:28:13-31:29
action#android.intent.action.MAIN
ADDED from src\main\AndroidManifest.xml:29:17-68
	android:name
		ADDED from src\main\AndroidManifest.xml:29:25-66
category#android.intent.category.LAUNCHER
ADDED from src\main\AndroidManifest.xml:30:17-76
	android:name
		ADDED from src\main\AndroidManifest.xml:30:27-74
intent-filter#action:name:android.intent.action.VIEW+category:name:android.intent.category.BROWSABLE+category:name:android.intent.category.DEFAULT+data:scheme:listar
ADDED from src\main\AndroidManifest.xml:32:13-37:29
action#android.intent.action.VIEW
ADDED from src\main\AndroidManifest.xml:33:17-68
	android:name
		ADDED from src\main\AndroidManifest.xml:33:25-66
category#android.intent.category.DEFAULT
ADDED from src\main\AndroidManifest.xml:34:17-75
	android:name
		ADDED from src\main\AndroidManifest.xml:34:27-73
category#android.intent.category.BROWSABLE
ADDED from src\main\AndroidManifest.xml:35:17-77
	android:name
		ADDED from src\main\AndroidManifest.xml:35:27-75
data
ADDED from src\main\AndroidManifest.xml:36:17-48
	android:scheme
		ADDED from src\main\AndroidManifest.xml:36:23-46
	android:mimeType
		ADDED from src\main\AndroidManifest.xml:43:19-41
queries
ADDED from src\main\AndroidManifest.xml:40:5-45:15
MERGED from [com.google.android.gms:play-services-maps:18.0.2] AndroidManifest.xml:30:5-34:15
MERGED from [com.google.android.gms:play-services-maps:18.0.2] AndroidManifest.xml:30:5-34:15
intent#action:name:android.intent.action.VIEW+data:mimeType:*/*
ADDED from src\main\AndroidManifest.xml:41:9-44:18
uses-sdk
INJECTED from src\main\AndroidManifest.xml reason: use-sdk injection requested
INJECTED from src\main\AndroidManifest.xml
INJECTED from src\main\AndroidManifest.xml
MERGED from [:react-native-async-storage_async-storage] AndroidManifest.xml:5:5-7:41
MERGED from [:react-native-async-storage_async-storage] AndroidManifest.xml:5:5-7:41
MERGED from [:react-native-clipboard_clipboard] AndroidManifest.xml:5:5-7:41
MERGED from [:react-native-clipboard_clipboard] AndroidManifest.xml:5:5-7:41
MERGED from [:react-native-community_datetimepicker] AndroidManifest.xml:5:5-7:41
MERGED from [:react-native-community_datetimepicker] AndroidManifest.xml:5:5-7:41
MERGED from [:react-native-firebase_messaging] AndroidManifest.xml:5:5-7:41
MERGED from [:react-native-firebase_messaging] AndroidManifest.xml:5:5-7:41
MERGED from [:react-native-firebase_app] AndroidManifest.xml:6:5-8:41
MERGED from [:react-native-firebase_app] AndroidManifest.xml:6:5-8:41
MERGED from [:react-native-camera-kit] AndroidManifest.xml:5:5-7:41
MERGED from [:react-native-camera-kit] AndroidManifest.xml:5:5-7:41
MERGED from [:react-native-device-info] AndroidManifest.xml:5:5-7:41
MERGED from [:react-native-device-info] AndroidManifest.xml:5:5-7:41
MERGED from [:react-native-fast-image] AndroidManifest.xml:5:5-7:41
MERGED from [:react-native-fast-image] AndroidManifest.xml:5:5-7:41
MERGED from [:react-native-file-viewer] AndroidManifest.xml:5:5-7:41
MERGED from [:react-native-file-viewer] AndroidManifest.xml:5:5-7:41
MERGED from [:react-native-fs] AndroidManifest.xml:5:5-7:41
MERGED from [:react-native-fs] AndroidManifest.xml:5:5-7:41
MERGED from [:react-native-geolocation-service] AndroidManifest.xml:5:5-7:41
MERGED from [:react-native-geolocation-service] AndroidManifest.xml:5:5-7:41
MERGED from [:react-native-gesture-handler] AndroidManifest.xml:5:5-7:41
MERGED from [:react-native-gesture-handler] AndroidManifest.xml:5:5-7:41
MERGED from [:react-native-image-picker] AndroidManifest.xml:5:5-7:41
MERGED from [:react-native-image-picker] AndroidManifest.xml:5:5-7:41
MERGED from [:react-native-linear-gradient] AndroidManifest.xml:5:5-7:41
MERGED from [:react-native-linear-gradient] AndroidManifest.xml:5:5-7:41
MERGED from [:react-native-maps] AndroidManifest.xml:5:5-7:41
MERGED from [:react-native-maps] AndroidManifest.xml:5:5-7:41
MERGED from [:react-native-pager-view] AndroidManifest.xml:5:5-7:41
MERGED from [:react-native-pager-view] AndroidManifest.xml:5:5-7:41
MERGED from [:react-native-permissions] AndroidManifest.xml:5:5-7:41
MERGED from [:react-native-permissions] AndroidManifest.xml:5:5-7:41
MERGED from [:react-native-restart] AndroidManifest.xml:5:5-7:41
MERGED from [:react-native-restart] AndroidManifest.xml:5:5-7:41
MERGED from [:react-native-safe-area-context] AndroidManifest.xml:5:5-7:41
MERGED from [:react-native-safe-area-context] AndroidManifest.xml:5:5-7:41
MERGED from [:react-native-screens] AndroidManifest.xml:5:5-7:41
MERGED from [:react-native-screens] AndroidManifest.xml:5:5-7:41
MERGED from [:react-native-splash-screen] AndroidManifest.xml:5:5-7:41
MERGED from [:react-native-splash-screen] AndroidManifest.xml:5:5-7:41
MERGED from [:react-native-svg] AndroidManifest.xml:5:5-7:41
MERGED from [:react-native-svg] AndroidManifest.xml:5:5-7:41
MERGED from [:react-native-system-navigation-bar] AndroidManifest.xml:5:5-7:41
MERGED from [:react-native-system-navigation-bar] AndroidManifest.xml:5:5-7:41
MERGED from [:react-native-vector-icons] AndroidManifest.xml:5:5-7:41
MERGED from [:react-native-vector-icons] AndroidManifest.xml:5:5-7:41
MERGED from [:react-native-video] AndroidManifest.xml:5:5-7:41
MERGED from [:react-native-video] AndroidManifest.xml:5:5-7:41
MERGED from [:react-native-webview] AndroidManifest.xml:5:5-7:41
MERGED from [:react-native-webview] AndroidManifest.xml:5:5-7:41
MERGED from [com.facebook.react:react-native:0.70.6] AndroidManifest.xml:5:5-7:41
MERGED from [com.facebook.react:react-native:0.70.6] AndroidManifest.xml:5:5-7:41
MERGED from [androidx.swiperefreshlayout:swiperefreshlayout:1.0.0] AndroidManifest.xml:20:5-44
MERGED from [androidx.swiperefreshlayout:swiperefreshlayout:1.0.0] AndroidManifest.xml:20:5-44
MERGED from [com.facebook.react:hermes-engine:0.70.6] AndroidManifest.xml:5:5-7:41
MERGED from [com.facebook.react:hermes-engine:0.70.6] AndroidManifest.xml:5:5-7:41
MERGED from [:react-native-reanimated] AndroidManifest.xml:5:5-7:41
MERGED from [:react-native-reanimated] AndroidManifest.xml:5:5-7:41
MERGED from [androidx.camera:camera-view:1.1.0] AndroidManifest.xml:20:5-22:41
MERGED from [androidx.camera:camera-view:1.1.0] AndroidManifest.xml:20:5-22:41
MERGED from [com.google.android.material:material:1.1.0] AndroidManifest.xml:20:5-44
MERGED from [com.google.android.material:material:1.1.0] AndroidManifest.xml:20:5-44
MERGED from [com.github.adityaxjha:Android-ScalableVideoView:10e7b4da8b] AndroidManifest.xml:5:5-7:41
MERGED from [com.github.adityaxjha:Android-ScalableVideoView:10e7b4da8b] AndroidManifest.xml:5:5-7:41
MERGED from [androidx.appcompat:appcompat:1.4.1] AndroidManifest.xml:20:5-22:41